<?xml version="1.0" encoding="UTF-8"?>
<testsuite name="checkpoint.andela.db.DatabaseManagerTest" tests="1" skipped="0" failures="0" errors="0" timestamp="2015-11-06T11:31:46" hostname="GRACE-PC" time="0.96">
  <properties/>
  <testcase name="testCreateTable" classname="checkpoint.andela.db.DatabaseManagerTest" time="0.96"/>
  <system-out><![CDATA[]]></system-out>
  <system-err><![CDATA[]]></system-err>
</testsuite>
