<?xml version="1.0" encoding="UTF-8"?>
<testsuite name="checkpoint.andela.db.DbWriterTest" tests="4" skipped="0" failures="0" errors="0" timestamp="2015-11-03T17:14:49" hostname="GRACE-PC" time="97.985">
  <properties/>
  <testcase name="testWriteBufferToDatabase" classname="checkpoint.andela.db.DbWriterTest" time="97.855"/>
  <testcase name="testEscapeDoubleQuotes" classname="checkpoint.andela.db.DbWriterTest" time="0.062"/>
  <testcase name="testModifyExistingField" classname="checkpoint.andela.db.DbWriterTest" time="0.031"/>
  <testcase name="testGenerateInsertStatement" classname="checkpoint.andela.db.DbWriterTest" time="0.035"/>
  <system-out><![CDATA[]]></system-out>
  <system-err><![CDATA[]]></system-err>
</testsuite>
