<?xml version="1.0" encoding="UTF-8"?>
<testsuite name="checkpoint.andela.db.DbWriterTest" tests="4" skipped="0" failures="0" errors="0" timestamp="2015-10-30T17:11:17" hostname="GRACE-PC" time="0.18">
  <properties/>
  <testcase name="testWriteBufferToDatabase" classname="checkpoint.andela.db.DbWriterTest" time="0.001"/>
  <testcase name="testEscapeDoubleQuotes" classname="checkpoint.andela.db.DbWriterTest" time="0.0"/>
  <testcase name="testModifyExistingField" classname="checkpoint.andela.db.DbWriterTest" time="0.178"/>
  <testcase name="testGenerateInsertStatement" classname="checkpoint.andela.db.DbWriterTest" time="0.0"/>
  <system-out><![CDATA[]]></system-out>
  <system-err><![CDATA[]]></system-err>
</testsuite>
