<?xml version="1.0" encoding="UTF-8"?>
<testsuite name="checkpoint.andela.db.DbWriterTest" tests="4" skipped="0" failures="0" errors="0" timestamp="2015-11-01T16:40:29" hostname="GRACE-PC" time="1.053">
  <properties/>
  <testcase name="testWriteBufferToDatabase" classname="checkpoint.andela.db.DbWriterTest" time="0.938"/>
  <testcase name="testEscapeDoubleQuotes" classname="checkpoint.andela.db.DbWriterTest" time="0.055"/>
  <testcase name="testModifyExistingField" classname="checkpoint.andela.db.DbWriterTest" time="0.035"/>
  <testcase name="testGenerateInsertStatement" classname="checkpoint.andela.db.DbWriterTest" time="0.023"/>
  <system-out><![CDATA[]]></system-out>
  <system-err><![CDATA[]]></system-err>
</testsuite>
