<?xml version="1.0" encoding="UTF-8"?>
<testsuite name="checkpoint.andela.thread.DbWriterThreadTest" tests="2" skipped="0" failures="0" errors="0" timestamp="2015-11-05T16:06:13" hostname="GRACE-PC" time="0.002">
  <properties/>
  <testcase name="testLogThreadReadActivity" classname="checkpoint.andela.thread.DbWriterThreadTest" time="0.002"/>
  <testcase name="testWriteRecordToDatabase" classname="checkpoint.andela.thread.DbWriterThreadTest" time="0.0"/>
  <system-out><![CDATA[]]></system-out>
  <system-err><![CDATA[]]></system-err>
</testsuite>
