<?xml version="1.0" encoding="UTF-8"?>
<testsuite name="checkpoint.andela.thread.FileParserThreadTest" tests="4" skipped="0" failures="0" errors="0" timestamp="2015-11-05T16:06:13" hostname="GRACE-PC" time="0.001">
  <properties/>
  <testcase name="testReadAttributeFile" classname="checkpoint.andela.thread.FileParserThreadTest" time="0.0"/>
  <testcase name="testLineToBeSkipped" classname="checkpoint.andela.thread.FileParserThreadTest" time="0.0"/>
  <testcase name="testFileExists" classname="checkpoint.andela.thread.FileParserThreadTest" time="0.0"/>
  <testcase name="testLogThreadWriteActivity" classname="checkpoint.andela.thread.FileParserThreadTest" time="0.0"/>
  <system-out><![CDATA[]]></system-out>
  <system-err><![CDATA[]]></system-err>
</testsuite>
